<?xml version="1.0" encoding="UTF-8"?>
<!-- Generated by org.testng.reporters.JUnitXMLReporter -->
<testsuite ignored="0" hostname="DESKTOP-UNIILOK" failures="0" tests="1" name="tests" time="0.081" errors="0" timestamp="2023-03-06T12:11:32 IST">
  <testcase classname="parameterization.Crossbrowser" name="@BeforeMethod openapp" time="0.007">
    <failure type="java.lang.NullPointerException" message="Cannot invoke &amp;quot;org.openqa.selenium.WebDriver.manage()&amp;quot; because &amp;quot;this.driver&amp;quot; is null">
      <![CDATA[java.lang.NullPointerException: Cannot invoke "org.openqa.selenium.WebDriver.manage()" because "this.driver" is null
at parameterization.Crossbrowser.openapp(Crossbrowser.java:21)
at java.base/java.util.ArrayList.forEach(ArrayList.java:1511)
at java.base/java.util.concurrent.FutureTask.run(FutureTask.java:264)
at java.base/java.util.concurrent.ThreadPoolExecutor.runWorker(ThreadPoolExecutor.java:1136)
at java.base/java.util.concurrent.ThreadPoolExecutor$Worker.run(ThreadPoolExecutor.java:635)
at java.base/java.lang.Thread.run(Thread.java:833)
... Removed 22 stack frames]]>
    </failure>
  </testcase> <!-- @BeforeMethod openapp -->
  <testcase classname="parameterization.Crossbrowser" name="@AfterMethod closeapp" time="-1.678084891977E9">
    <skipped/>
  </testcase> <!-- @AfterMethod closeapp -->
  <testcase classname="parameterization.Crossbrowser" name="print" time="0.0">
    <skipped/>
  </testcase> <!-- print -->
</testsuite> <!-- tests -->
